# JRE version: OpenJDK Runtime Environment GraalVM CE 22.3.0 (17.0.5+8) (build 17.0.5+8-jvmci-22.3-b08)
# Java VM: OpenJDK 64-Bit Server VM GraalVM CE 22.3.0 (17.0.5+8-jvmci-22.3-b08, mixed mode, sharing, tiered, jvmci, jvmci compiler, compressed oops, compressed class ptrs, parallel gc, linux-amd64)
GC Precious Log:
 CPUs: 8 total, 1 available
 Memory: 1024M
 Large Page Support: Disabled
 NUMA Support: Disabled
 Compressed Oops: Enabled (32-bit)
 Alignments: Space 512K, Generation 512K, Heap 2M
 Heap Min Capacity: 100M
 Heap Initial Capacity: 100M
 Heap Max Capacity: 512M
 Pre-touch: Disabled
 Parallel Workers: 1
Heap:
 PSYoungGen      total 62976K, used 46591K [0x00000000f5580000, 0x00000000fca00000, 0x0000000100000000)
  eden space 46592K, 99% used [0x00000000f5580000,0x00000000f82ffff8,0x00000000f8300000)
  from space 16384K, 0% used [0x00000000f8300000,0x00000000f8300000,0x00000000f9300000)
  to   space 33280K, 0% used [0x00000000fa980000,0x00000000fa980000,0x00000000fca00000)
 ParOldGen       total 349696K, used 349695K [0x00000000e0000000, 0x00000000f5580000, 0x00000000f5580000)
  object space 349696K, 99% used [0x00000000e0000000,0x00000000f557ffe0,0x00000000f5580000)
 Metaspace       used 54258K, committed 55040K, reserved 1105920K
  class space    used 5437K, committed 5760K, reserved 1048576K
GC Heap History (20 events):
Event: 1409.961 GC heap before
{Heap before GC invocations=1050 (full 931):
 PSYoungGen      total 62976K, used 46591K [0x00000000f5580000, 0x00000000fca00000, 0x0000000100000000)
  eden space 46592K, 99% used [0x00000000f5580000,0x00000000f82ffff8,0x00000000f8300000)
  from space 16384K, 0% used [0x00000000f8300000,0x00000000f8300000,0x00000000f9300000)
  to   space 33280K, 0% used [0x00000000fa980000,0x00000000fa980000,0x00000000fca00000)
 ParOldGen       total 349696K, used 349695K [0x00000000e0000000, 0x00000000f5580000, 0x00000000f5580000)
  object space 349696K, 99% used [0x00000000e0000000,0x00000000f557fff8,0x00000000f5580000)
 Metaspace       used 54258K, committed 55040K, reserved 1105920K
  class space    used 5437K, committed 5760K, reserved 1048576K
}
Event: 1411.361 GC heap after
{Heap after GC invocations=1050 (full 931):
 PSYoungGen      total 79872K, used 46591K [0x00000000f5580000, 0x00000000fca00000, 0x0000000100000000)
  eden space 46592K, 99% used [0x00000000f5580000,0x00000000f82ffff8,0x00000000f8300000)
  from space 33280K, 0% used [0x00000000fa980000,0x00000000fa980000,0x00000000fca00000)
  to   space 16384K, 0% used [0x00000000f8300000,0x00000000f8300000,0x00000000f9300000)
 ParOldGen       total 349696K, used 349695K [0x00000000e0000000, 0x00000000f5580000, 0x00000000f5580000)
  object space 349696K, 99% used [0x00000000e0000000,0x00000000f557fff8,0x00000000f5580000)
 Metaspace       used 54258K, committed 55040K, reserved 1105920K
  class space    used 5437K, committed 5760K, reserved 1048576K
}
Event: 1411.361 GC heap before
{Heap before GC invocations=1051 (full 932):
 PSYoungGen      total 79872K, used 46591K [0x00000000f5580000, 0x00000000fca00000, 0x0000000100000000)
  eden space 46592K, 99% used [0x00000000f5580000,0x00000000f82ffff8,0x00000000f8300000)
  from space 33280K, 0% used [0x00000000fa980000,0x00000000fa980000,0x00000000fca00000)
  to   space 16384K, 0% used [0x00000000f8300000,0x00000000f8300000,0x00000000f9300000)
 ParOldGen       total 349696K, used 349695K [0x00000000e0000000, 0x00000000f5580000, 0x00000000f5580000)
  object space 349696K, 99% used [0x00000000e0000000,0x00000000f557fff8,0x00000000f5580000)
 Metaspace       used 54258K, committed 55040K, reserved 1105920K
  class space    used 5437K, committed 5760K, reserved 1048576K
}
Event: 1412.736 GC heap after
{Heap after GC invocations=1051 (full 932):
 PSYoungGen      total 62976K, used 46591K [0x00000000f5580000, 0x00000000fca00000, 0x0000000100000000)
  eden space 46592K, 99% used [0x00000000f5580000,0x00000000f82ffff8,0x00000000f8300000)
  from space 16384K, 0% used [0x00000000f8300000,0x00000000f8300000,0x00000000f9300000)
  to   space 33280K, 0% used [0x00000000fa980000,0x00000000fa980000,0x00000000fca00000)
 ParOldGen       total 349696K, used 349695K [0x00000000e0000000, 0x00000000f5580000, 0x00000000f5580000)
  object space 349696K, 99% used [0x00000000e0000000,0x00000000f557fff8,0x00000000f5580000)
 Metaspace       used 54258K, committed 55040K, reserved 1105920K
  class space    used 5437K, committed 5760K, reserved 1048576K
}
Event: 1412.740 GC heap before
{Heap before GC invocations=1052 (full 933):
 PSYoungGen      total 62976K, used 46591K [0x00000000f5580000, 0x00000000fca00000, 0x0000000100000000)
  eden space 46592K, 99% used [0x00000000f5580000,0x00000000f82ffff8,0x00000000f8300000)
  from space 16384K, 0% used [0x00000000f8300000,0x00000000f8300000,0x00000000f9300000)
  to   space 33280K, 0% used [0x00000000fa980000,0x00000000fa980000,0x00000000fca00000)
 ParOldGen       total 349696K, used 349695K [0x00000000e0000000, 0x00000000f5580000, 0x00000000f5580000)
  object space 349696K, 99% used [0x00000000e0000000,0x00000000f557fff8,0x00000000f5580000)
 Metaspace       used 54258K, committed 55040K, reserved 1105920K
  class space    used 5437K, committed 5760K, reserved 1048576K
}
Event: 1414.140 GC heap after
{Heap after GC invocations=1052 (full 933):
 PSYoungGen      total 79872K, used 46591K [0x00000000f5580000, 0x00000000fca00000, 0x0000000100000000)
  eden space 46592K, 99% used [0x00000000f5580000,0x00000000f82ffff8,0x00000000f8300000)
  from space 33280K, 0% used [0x00000000fa980000,0x00000000fa980000,0x00000000fca00000)
  to   space 16384K, 0% used [0x00000000f8300000,0x00000000f8300000,0x00000000f9300000)
 ParOldGen       total 349696K, used 349695K [0x00000000e0000000, 0x00000000f5580000, 0x00000000f5580000)
  object space 349696K, 99% used [0x00000000e0000000,0x00000000f557fda0,0x00000000f5580000)
 Metaspace       used 54258K, committed 55040K, reserved 1105920K
  class space    used 5437K, committed 5760K, reserved 1048576K
}
Event: 1414.146 GC heap before
{Heap before GC invocations=1053 (full 934):
 PSYoungGen      total 79872K, used 46591K [0x00000000f5580000, 0x00000000fca00000, 0x0000000100000000)
  eden space 46592K, 99% used [0x00000000f5580000,0x00000000f82ffff8,0x00000000f8300000)
  from space 33280K, 0% used [0x00000000fa980000,0x00000000fa980000,0x00000000fca00000)
  to   space 16384K, 0% used [0x00000000f8300000,0x00000000f8300000,0x00000000f9300000)
 ParOldGen       total 349696K, used 349695K [0x00000000e0000000, 0x00000000f5580000, 0x00000000f5580000)
  object space 349696K, 99% used [0x00000000e0000000,0x00000000f557fdb8,0x00000000f5580000)
 Metaspace       used 54258K, committed 55040K, reserved 1105920K
  class space    used 5437K, committed 5760K, reserved 1048576K
}
Event: 1415.484 GC heap after
{Heap after GC invocations=1053 (full 934):
 PSYoungGen      total 62976K, used 46591K [0x00000000f5580000, 0x00000000fca00000, 0x0000000100000000)
  eden space 46592K, 99% used [0x00000000f5580000,0x00000000f82ffff8,0x00000000f8300000)
  from space 16384K, 0% used [0x00000000f8300000,0x00000000f8300000,0x00000000f9300000)
  to   space 33280K, 0% used [0x00000000fa980000,0x00000000fa980000,0x00000000fca00000)
 ParOldGen       total 349696K, used 349695K [0x00000000e0000000, 0x00000000f5580000, 0x00000000f5580000)
  object space 349696K, 99% used [0x00000000e0000000,0x00000000f557fdb8,0x00000000f5580000)
 Metaspace       used 54258K, committed 55040K, reserved 1105920K
  class space    used 5437K, committed 5760K, reserved 1048576K
}
Event: 1415.484 GC heap before
{Heap before GC invocations=1054 (full 935):
 PSYoungGen      total 62976K, used 46591K [0x00000000f5580000, 0x00000000fca00000, 0x0000000100000000)
  eden space 46592K, 99% used [0x00000000f5580000,0x00000000f82ffff8,0x00000000f8300000)
  from space 16384K, 0% used [0x00000000f8300000,0x00000000f8300000,0x00000000f9300000)
  to   space 33280K, 0% used [0x00000000fa980000,0x00000000fa980000,0x00000000fca00000)
 ParOldGen       total 349696K, used 349696K [0x00000000e0000000, 0x00000000f5580000, 0x00000000f5580000)
  object space 349696K, 100% used [0x00000000e0000000,0x00000000f5580000,0x00000000f5580000)
 Metaspace       used 54258K, committed 55040K, reserved 1105920K
  class space    used 5437K, committed 5760K, reserved 1048576K
}
Event: 1416.872 GC heap after
{Heap after GC invocations=1054 (full 935):
 PSYoungGen      total 79872K, used 46591K [0x00000000f5580000, 0x00000000fca00000, 0x0000000100000000)
  eden space 46592K, 99% used [0x00000000f5580000,0x00000000f82ffff8,0x00000000f8300000)
  from space 33280K, 0% used [0x00000000fa980000,0x00000000fa980000,0x00000000fca00000)
  to   space 16384K, 0% used [0x00000000f8300000,0x00000000f8300000,0x00000000f9300000)
 ParOldGen       total 349696K, used 349695K [0x00000000e0000000, 0x00000000f5580000, 0x00000000f5580000)
  object space 349696K, 99% used [0x00000000e0000000,0x00000000f557fe90,0x00000000f5580000)
 Metaspace       used 54258K, committed 55040K, reserved 1105920K
  class space    used 5437K, committed 5760K, reserved 1048576K
}
Event: 1416.876 GC heap before
{Heap before GC invocations=1055 (full 936):
 PSYoungGen      total 79872K, used 46591K [0x00000000f5580000, 0x00000000fca00000, 0x0000000100000000)
  eden space 46592K, 99% used [0x00000000f5580000,0x00000000f82ffff8,0x00000000f8300000)
  from space 33280K, 0% used [0x00000000fa980000,0x00000000fa980000,0x00000000fca00000)
  to   space 16384K, 0% used [0x00000000f8300000,0x00000000f8300000,0x00000000f9300000)
 ParOldGen       total 349696K, used 349695K [0x00000000e0000000, 0x00000000f5580000, 0x00000000f5580000)
  object space 349696K, 99% used [0x00000000e0000000,0x00000000f557fff8,0x00000000f5580000)
 Metaspace       used 54258K, committed 55040K, reserved 1105920K
  class space    used 5437K, committed 5760K, reserved 1048576K
}
Event: 1418.366 GC heap after
{Heap after GC invocations=1055 (full 936):
 PSYoungGen      total 62976K, used 46591K [0x00000000f5580000, 0x00000000fca00000, 0x0000000100000000)
  eden space 46592K, 99% used [0x00000000f5580000,0x00000000f82ffff8,0x00000000f8300000)
  from space 16384K, 0% used [0x00000000f8300000,0x00000000f8300000,0x00000000f9300000)
  to   space 33280K, 0% used [0x00000000fa980000,0x00000000fa980000,0x00000000fca00000)
 ParOldGen       total 349696K, used 349695K [0x00000000e0000000, 0x00000000f5580000, 0x00000000f5580000)
  object space 349696K, 99% used [0x00000000e0000000,0x00000000f557fee0,0x00000000f5580000)
 Metaspace       used 54258K, committed 55040K, reserved 1105920K
  class space    used 5437K, committed 5760K, reserved 1048576K
}
Event: 1418.370 GC heap before
{Heap before GC invocations=1056 (full 937):
 PSYoungGen      total 62976K, used 46591K [0x00000000f5580000, 0x00000000fca00000, 0x0000000100000000)
  eden space 46592K, 99% used [0x00000000f5580000,0x00000000f82ffff8,0x00000000f8300000)
  from space 16384K, 0% used [0x00000000f8300000,0x00000000f8300000,0x00000000f9300000)
  to   space 33280K, 0% used [0x00000000fa980000,0x00000000fa980000,0x00000000fca00000)
 ParOldGen       total 349696K, used 349696K [0x00000000e0000000, 0x00000000f5580000, 0x00000000f5580000)
  object space 349696K, 100% used [0x00000000e0000000,0x00000000f5580000,0x00000000f5580000)
 Metaspace       used 54258K, committed 55040K, reserved 1105920K
  class space    used 5437K, committed 5760K, reserved 1048576K
}
Event: 1419.761 GC heap after
{Heap after GC invocations=1056 (full 937):
 PSYoungGen      total 79872K, used 46591K [0x00000000f5580000, 0x00000000fca00000, 0x0000000100000000)
  eden space 46592K, 99% used [0x00000000f5580000,0x00000000f82ffff8,0x00000000f8300000)
  from space 33280K, 0% used [0x00000000fa980000,0x00000000fa980000,0x00000000fca00000)
  to   space 16384K, 0% used [0x00000000f8300000,0x00000000f8300000,0x00000000f9300000)
 ParOldGen       total 349696K, used 349695K [0x00000000e0000000, 0x00000000f5580000, 0x00000000f5580000)
  object space 349696K, 99% used [0x00000000e0000000,0x00000000f557fee0,0x00000000f5580000)
 Metaspace       used 54258K, committed 55040K, reserved 1105920K
  class space    used 5437K, committed 5760K, reserved 1048576K
}
Event: 1419.761 GC heap before
{Heap before GC invocations=1057 (full 938):
 PSYoungGen      total 79872K, used 46591K [0x00000000f5580000, 0x00000000fca00000, 0x0000000100000000)
  eden space 46592K, 99% used [0x00000000f5580000,0x00000000f82ffff8,0x00000000f8300000)
  from space 33280K, 0% used [0x00000000fa980000,0x00000000fa980000,0x00000000fca00000)
  to   space 16384K, 0% used [0x00000000f8300000,0x00000000f8300000,0x00000000f9300000)
 ParOldGen       total 349696K, used 349695K [0x00000000e0000000, 0x00000000f5580000, 0x00000000f5580000)
  object space 349696K, 99% used [0x00000000e0000000,0x00000000f557ff30,0x00000000f5580000)
 Metaspace       used 54258K, committed 55040K, reserved 1105920K
  class space    used 5437K, committed 5760K, reserved 1048576K
}
Event: 1421.164 GC heap after
{Heap after GC invocations=1057 (full 938):
 PSYoungGen      total 62976K, used 46591K [0x00000000f5580000, 0x00000000fca00000, 0x0000000100000000)
  eden space 46592K, 99% used [0x00000000f5580000,0x00000000f82ffff8,0x00000000f8300000)
  from space 16384K, 0% used [0x00000000f8300000,0x00000000f8300000,0x00000000f9300000)
  to   space 33280K, 0% used [0x00000000fa980000,0x00000000fa980000,0x00000000fca00000)
 ParOldGen       total 349696K, used 349695K [0x00000000e0000000, 0x00000000f5580000, 0x00000000f5580000)
  object space 349696K, 99% used [0x00000000e0000000,0x00000000f557fee0,0x00000000f5580000)
 Metaspace       used 54258K, committed 55040K, reserved 1105920K
  class space    used 5437K, committed 5760K, reserved 1048576K
}
Event: 1421.165 GC heap before
{Heap before GC invocations=1058 (full 939):
 PSYoungGen      total 62976K, used 46591K [0x00000000f5580000, 0x00000000fca00000, 0x0000000100000000)
  eden space 46592K, 99% used [0x00000000f5580000,0x00000000f82ffff8,0x00000000f8300000)
  from space 16384K, 0% used [0x00000000f8300000,0x00000000f8300000,0x00000000f9300000)
  to   space 33280K, 0% used [0x00000000fa980000,0x00000000fa980000,0x00000000fca00000)
 ParOldGen       total 349696K, used 349695K [0x00000000e0000000, 0x00000000f5580000, 0x00000000f5580000)
  object space 349696K, 99% used [0x00000000e0000000,0x00000000f557ff28,0x00000000f5580000)
 Metaspace       used 54258K, committed 55040K, reserved 1105920K
  class space    used 5437K, committed 5760K, reserved 1048576K
}
Event: 1422.555 GC heap after
{Heap after GC invocations=1058 (full 939):
 PSYoungGen      total 79872K, used 46591K [0x00000000f5580000, 0x00000000fca00000, 0x0000000100000000)
  eden space 46592K, 99% used [0x00000000f5580000,0x00000000f82ffff8,0x00000000f8300000)
  from space 33280K, 0% used [0x00000000fa980000,0x00000000fa980000,0x00000000fca00000)
  to   space 16384K, 0% used [0x00000000f8300000,0x00000000f8300000,0x00000000f9300000)
 ParOldGen       total 349696K, used 349695K [0x00000000e0000000, 0x00000000f5580000, 0x00000000f5580000)
  object space 349696K, 99% used [0x00000000e0000000,0x00000000f557ff18,0x00000000f5580000)
 Metaspace       used 54258K, committed 55040K, reserved 1105920K
  class space    used 5437K, committed 5760K, reserved 1048576K
}
Event: 1422.555 GC heap before
{Heap before GC invocations=1059 (full 940):
 PSYoungGen      total 79872K, used 46591K [0x00000000f5580000, 0x00000000fca00000, 0x0000000100000000)
  eden space 46592K, 99% used [0x00000000f5580000,0x00000000f82ffff8,0x00000000f8300000)
  from space 33280K, 0% used [0x00000000fa980000,0x00000000fa980000,0x00000000fca00000)
  to   space 16384K, 0% used [0x00000000f8300000,0x00000000f8300000,0x00000000f9300000)
 ParOldGen       total 349696K, used 349695K [0x00000000e0000000, 0x00000000f5580000, 0x00000000f5580000)
  object space 349696K, 99% used [0x00000000e0000000,0x00000000f557ff18,0x00000000f5580000)
 Metaspace       used 54258K, committed 55040K, reserved 1105920K
  class space    used 5437K, committed 5760K, reserved 1048576K
}
Event: 1423.960 GC heap after
{Heap after GC invocations=1059 (full 940):
 PSYoungGen      total 62976K, used 46591K [0x00000000f5580000, 0x00000000fca00000, 0x0000000100000000)
  eden space 46592K, 99% used [0x00000000f5580000,0x00000000f82ffff8,0x00000000f8300000)
  from space 16384K, 0% used [0x00000000f8300000,0x00000000f8300000,0x00000000f9300000)
  to   space 33280K, 0% used [0x00000000fa980000,0x00000000fa980000,0x00000000fca00000)
 ParOldGen       total 349696K, used 349695K [0x00000000e0000000, 0x00000000f5580000, 0x00000000f5580000)
  object space 349696K, 99% used [0x00000000e0000000,0x00000000f557ff18,0x00000000f5580000)
 Metaspace       used 54258K, committed 55040K, reserved 1105920K
  class space    used 5437K, committed 5760K, reserved 1048576K
}

