# JRE version: OpenJDK Runtime Environment GraalVM CE 22.3.0 (17.0.5+8) (build 17.0.5+8-jvmci-22.3-b08)
# Java VM: OpenJDK 64-Bit Server VM GraalVM CE 22.3.0 (17.0.5+8-jvmci-22.3-b08, mixed mode, sharing, tiered, jvmci, jvmci compiler, compressed oops, compressed class ptrs, parallel gc, linux-amd64)
GC Precious Log:
 CPUs: 8 total, 1 available
 Memory: 1024M
 Large Page Support: Disabled
 NUMA Support: Disabled
 Compressed Oops: Enabled (32-bit)
 Alignments: Space 512K, Generation 512K, Heap 2M
 Heap Min Capacity: 100M
 Heap Initial Capacity: 100M
 Heap Max Capacity: 512M
 Pre-touch: Disabled
 Parallel Workers: 1
Heap:
 PSYoungGen      total 42496K, used 25088K [0x00000000f5580000, 0x00000000f9400000, 0x0000000100000000)
  eden space 25088K, 100% used [0x00000000f5580000,0x00000000f6e00000,0x00000000f6e00000)
  from space 17408K, 0% used [0x00000000f8300000,0x00000000f8300000,0x00000000f9400000)
  to   space 16896K, 0% used [0x00000000f6e00000,0x00000000f6e00000,0x00000000f7e80000)
 ParOldGen       total 349696K, used 349695K [0x00000000e0000000, 0x00000000f5580000, 0x00000000f5580000)
  object space 349696K, 99% used [0x00000000e0000000,0x00000000f557fd10,0x00000000f5580000)
 Metaspace       used 58919K, committed 59840K, reserved 1105920K
  class space    used 5723K, committed 6144K, reserved 1048576K
GC Heap History (20 events):
Event: 492.108 GC heap before
{Heap before GC invocations=544 (full 332):
 PSYoungGen      total 42496K, used 25088K [0x00000000f5580000, 0x00000000f9400000, 0x0000000100000000)
  eden space 25088K, 100% used [0x00000000f5580000,0x00000000f6e00000,0x00000000f6e00000)
  from space 17408K, 0% used [0x00000000f8300000,0x00000000f8300000,0x00000000f9400000)
  to   space 16896K, 0% used [0x00000000f6e00000,0x00000000f6e00000,0x00000000f7e80000)
 ParOldGen       total 349696K, used 349692K [0x00000000e0000000, 0x00000000f5580000, 0x00000000f5580000)
  object space 349696K, 99% used [0x00000000e0000000,0x00000000f557f200,0x00000000f5580000)
 Metaspace       used 58919K, committed 59840K, reserved 1105920K
  class space    used 5723K, committed 6144K, reserved 1048576K
}
Event: 493.349 GC heap after
{Heap after GC invocations=544 (full 332):
 PSYoungGen      total 41984K, used 25088K [0x00000000f5580000, 0x00000000f9400000, 0x0000000100000000)
  eden space 25088K, 100% used [0x00000000f5580000,0x00000000f6e00000,0x00000000f6e00000)
  from space 16896K, 0% used [0x00000000f6e00000,0x00000000f6e00000,0x00000000f7e80000)
  to   space 17408K, 0% used [0x00000000f8300000,0x00000000f8300000,0x00000000f9400000)
 ParOldGen       total 349696K, used 349692K [0x00000000e0000000, 0x00000000f5580000, 0x00000000f5580000)
  object space 349696K, 99% used [0x00000000e0000000,0x00000000f557f010,0x00000000f5580000)
 Metaspace       used 58919K, committed 59840K, reserved 1105920K
  class space    used 5723K, committed 6144K, reserved 1048576K
}
Event: 493.352 GC heap before
{Heap before GC invocations=545 (full 333):
 PSYoungGen      total 41984K, used 25088K [0x00000000f5580000, 0x00000000f9400000, 0x0000000100000000)
  eden space 25088K, 100% used [0x00000000f5580000,0x00000000f6e00000,0x00000000f6e00000)
  from space 16896K, 0% used [0x00000000f6e00000,0x00000000f6e00000,0x00000000f7e80000)
  to   space 17408K, 0% used [0x00000000f8300000,0x00000000f8300000,0x00000000f9400000)
 ParOldGen       total 349696K, used 349695K [0x00000000e0000000, 0x00000000f5580000, 0x00000000f5580000)
  object space 349696K, 99% used [0x00000000e0000000,0x00000000f557fc00,0x00000000f5580000)
 Metaspace       used 58919K, committed 59840K, reserved 1105920K
  class space    used 5723K, committed 6144K, reserved 1048576K
}
Event: 494.736 GC heap after
{Heap after GC invocations=545 (full 333):
 PSYoungGen      total 42496K, used 25088K [0x00000000f5580000, 0x00000000f9400000, 0x0000000100000000)
  eden space 25088K, 100% used [0x00000000f5580000,0x00000000f6e00000,0x00000000f6e00000)
  from space 17408K, 0% used [0x00000000f8300000,0x00000000f8300000,0x00000000f9400000)
  to   space 16896K, 0% used [0x00000000f6e00000,0x00000000f6e00000,0x00000000f7e80000)
 ParOldGen       total 349696K, used 349694K [0x00000000e0000000, 0x00000000f5580000, 0x00000000f5580000)
  object space 349696K, 99% used [0x00000000e0000000,0x00000000f557f9f0,0x00000000f5580000)
 Metaspace       used 58919K, committed 59840K, reserved 1105920K
  class space    used 5723K, committed 6144K, reserved 1048576K
}
Event: 494.737 GC heap before
{Heap before GC invocations=546 (full 334):
 PSYoungGen      total 42496K, used 25088K [0x00000000f5580000, 0x00000000f9400000, 0x0000000100000000)
  eden space 25088K, 100% used [0x00000000f5580000,0x00000000f6e00000,0x00000000f6e00000)
  from space 17408K, 0% used [0x00000000f8300000,0x00000000f8300000,0x00000000f9400000)
  to   space 16896K, 0% used [0x00000000f6e00000,0x00000000f6e00000,0x00000000f7e80000)
 ParOldGen       total 349696K, used 349695K [0x00000000e0000000, 0x00000000f5580000, 0x00000000f5580000)
  object space 349696K, 99% used [0x00000000e0000000,0x00000000f557fff8,0x00000000f5580000)
 Metaspace       used 58919K, committed 59840K, reserved 1105920K
  class space    used 5723K, committed 6144K, reserved 1048576K
}
Event: 496.026 GC heap after
{Heap after GC invocations=546 (full 334):
 PSYoungGen      total 41984K, used 25088K [0x00000000f5580000, 0x00000000f9400000, 0x0000000100000000)
  eden space 25088K, 100% used [0x00000000f5580000,0x00000000f6e00000,0x00000000f6e00000)
  from space 16896K, 0% used [0x00000000f6e00000,0x00000000f6e00000,0x00000000f7e80000)
  to   space 17408K, 0% used [0x00000000f8300000,0x00000000f8300000,0x00000000f9400000)
 ParOldGen       total 349696K, used 349695K [0x00000000e0000000, 0x00000000f5580000, 0x00000000f5580000)
  object space 349696K, 99% used [0x00000000e0000000,0x00000000f557fff8,0x00000000f5580000)
 Metaspace       used 58919K, committed 59840K, reserved 1105920K
  class space    used 5723K, committed 6144K, reserved 1048576K
}
Event: 496.026 GC heap before
{Heap before GC invocations=547 (full 335):
 PSYoungGen      total 41984K, used 25088K [0x00000000f5580000, 0x00000000f9400000, 0x0000000100000000)
  eden space 25088K, 100% used [0x00000000f5580000,0x00000000f6e00000,0x00000000f6e00000)
  from space 16896K, 0% used [0x00000000f6e00000,0x00000000f6e00000,0x00000000f7e80000)
  to   space 17408K, 0% used [0x00000000f8300000,0x00000000f8300000,0x00000000f9400000)
 ParOldGen       total 349696K, used 349695K [0x00000000e0000000, 0x00000000f5580000, 0x00000000f5580000)
  object space 349696K, 99% used [0x00000000e0000000,0x00000000f557fff8,0x00000000f5580000)
 Metaspace       used 58919K, committed 59840K, reserved 1105920K
  class space    used 5723K, committed 6144K, reserved 1048576K
}
Event: 497.211 GC heap after
{Heap after GC invocations=547 (full 335):
 PSYoungGen      total 42496K, used 25088K [0x00000000f5580000, 0x00000000f9400000, 0x0000000100000000)
  eden space 25088K, 100% used [0x00000000f5580000,0x00000000f6e00000,0x00000000f6e00000)
  from space 17408K, 0% used [0x00000000f8300000,0x00000000f8300000,0x00000000f9400000)
  to   space 16896K, 0% used [0x00000000f6e00000,0x00000000f6e00000,0x00000000f7e80000)
 ParOldGen       total 349696K, used 349695K [0x00000000e0000000, 0x00000000f5580000, 0x00000000f5580000)
  object space 349696K, 99% used [0x00000000e0000000,0x00000000f557fff8,0x00000000f5580000)
 Metaspace       used 58919K, committed 59840K, reserved 1105920K
  class space    used 5723K, committed 6144K, reserved 1048576K
}
Event: 497.211 GC heap before
{Heap before GC invocations=548 (full 336):
 PSYoungGen      total 42496K, used 25088K [0x00000000f5580000, 0x00000000f9400000, 0x0000000100000000)
  eden space 25088K, 100% used [0x00000000f5580000,0x00000000f6e00000,0x00000000f6e00000)
  from space 17408K, 0% used [0x00000000f8300000,0x00000000f8300000,0x00000000f9400000)
  to   space 16896K, 0% used [0x00000000f6e00000,0x00000000f6e00000,0x00000000f7e80000)
 ParOldGen       total 349696K, used 349695K [0x00000000e0000000, 0x00000000f5580000, 0x00000000f5580000)
  object space 349696K, 99% used [0x00000000e0000000,0x00000000f557fff8,0x00000000f5580000)
 Metaspace       used 58919K, committed 59840K, reserved 1105920K
  class space    used 5723K, committed 6144K, reserved 1048576K
}
Event: 498.323 GC heap after
{Heap after GC invocations=548 (full 336):
 PSYoungGen      total 41984K, used 25088K [0x00000000f5580000, 0x00000000f9400000, 0x0000000100000000)
  eden space 25088K, 100% used [0x00000000f5580000,0x00000000f6e00000,0x00000000f6e00000)
  from space 16896K, 0% used [0x00000000f6e00000,0x00000000f6e00000,0x00000000f7e80000)
  to   space 17408K, 0% used [0x00000000f8300000,0x00000000f8300000,0x00000000f9400000)
 ParOldGen       total 349696K, used 349695K [0x00000000e0000000, 0x00000000f5580000, 0x00000000f5580000)
  object space 349696K, 99% used [0x00000000e0000000,0x00000000f557fff8,0x00000000f5580000)
 Metaspace       used 58919K, committed 59840K, reserved 1105920K
  class space    used 5723K, committed 6144K, reserved 1048576K
}
Event: 498.323 GC heap before
{Heap before GC invocations=549 (full 337):
 PSYoungGen      total 41984K, used 25088K [0x00000000f5580000, 0x00000000f9400000, 0x0000000100000000)
  eden space 25088K, 100% used [0x00000000f5580000,0x00000000f6e00000,0x00000000f6e00000)
  from space 16896K, 0% used [0x00000000f6e00000,0x00000000f6e00000,0x00000000f7e80000)
  to   space 17408K, 0% used [0x00000000f8300000,0x00000000f8300000,0x00000000f9400000)
 ParOldGen       total 349696K, used 349695K [0x00000000e0000000, 0x00000000f5580000, 0x00000000f5580000)
  object space 349696K, 99% used [0x00000000e0000000,0x00000000f557fff8,0x00000000f5580000)
 Metaspace       used 58919K, committed 59840K, reserved 1105920K
  class space    used 5723K, committed 6144K, reserved 1048576K
}
Event: 499.417 GC heap after
{Heap after GC invocations=549 (full 337):
 PSYoungGen      total 42496K, used 25088K [0x00000000f5580000, 0x00000000f9400000, 0x0000000100000000)
  eden space 25088K, 100% used [0x00000000f5580000,0x00000000f6e00000,0x00000000f6e00000)
  from space 17408K, 0% used [0x00000000f8300000,0x00000000f8300000,0x00000000f9400000)
  to   space 16896K, 0% used [0x00000000f6e00000,0x00000000f6e00000,0x00000000f7e80000)
 ParOldGen       total 349696K, used 349695K [0x00000000e0000000, 0x00000000f5580000, 0x00000000f5580000)
  object space 349696K, 99% used [0x00000000e0000000,0x00000000f557fff8,0x00000000f5580000)
 Metaspace       used 58919K, committed 59840K, reserved 1105920K
  class space    used 5723K, committed 6144K, reserved 1048576K
}
Event: 499.417 GC heap before
{Heap before GC invocations=550 (full 338):
 PSYoungGen      total 42496K, used 25088K [0x00000000f5580000, 0x00000000f9400000, 0x0000000100000000)
  eden space 25088K, 100% used [0x00000000f5580000,0x00000000f6e00000,0x00000000f6e00000)
  from space 17408K, 0% used [0x00000000f8300000,0x00000000f8300000,0x00000000f9400000)
  to   space 16896K, 0% used [0x00000000f6e00000,0x00000000f6e00000,0x00000000f7e80000)
 ParOldGen       total 349696K, used 349695K [0x00000000e0000000, 0x00000000f5580000, 0x00000000f5580000)
  object space 349696K, 99% used [0x00000000e0000000,0x00000000f557fff8,0x00000000f5580000)
 Metaspace       used 58919K, committed 59840K, reserved 1105920K
  class space    used 5723K, committed 6144K, reserved 1048576K
}
Event: 500.540 GC heap after
{Heap after GC invocations=550 (full 338):
 PSYoungGen      total 41984K, used 25088K [0x00000000f5580000, 0x00000000f9400000, 0x0000000100000000)
  eden space 25088K, 100% used [0x00000000f5580000,0x00000000f6e00000,0x00000000f6e00000)
  from space 16896K, 0% used [0x00000000f6e00000,0x00000000f6e00000,0x00000000f7e80000)
  to   space 17408K, 0% used [0x00000000f8300000,0x00000000f8300000,0x00000000f9400000)
 ParOldGen       total 349696K, used 349695K [0x00000000e0000000, 0x00000000f5580000, 0x00000000f5580000)
  object space 349696K, 99% used [0x00000000e0000000,0x00000000f557ff38,0x00000000f5580000)
 Metaspace       used 58919K, committed 59840K, reserved 1105920K
  class space    used 5723K, committed 6144K, reserved 1048576K
}
Event: 500.540 GC heap before
{Heap before GC invocations=551 (full 339):
 PSYoungGen      total 41984K, used 25088K [0x00000000f5580000, 0x00000000f9400000, 0x0000000100000000)
  eden space 25088K, 100% used [0x00000000f5580000,0x00000000f6e00000,0x00000000f6e00000)
  from space 16896K, 0% used [0x00000000f6e00000,0x00000000f6e00000,0x00000000f7e80000)
  to   space 17408K, 0% used [0x00000000f8300000,0x00000000f8300000,0x00000000f9400000)
 ParOldGen       total 349696K, used 349695K [0x00000000e0000000, 0x00000000f5580000, 0x00000000f5580000)
  object space 349696K, 99% used [0x00000000e0000000,0x00000000f557fff0,0x00000000f5580000)
 Metaspace       used 58919K, committed 59840K, reserved 1105920K
  class space    used 5723K, committed 6144K, reserved 1048576K
}
Event: 501.712 GC heap after
{Heap after GC invocations=551 (full 339):
 PSYoungGen      total 42496K, used 25088K [0x00000000f5580000, 0x00000000f9400000, 0x0000000100000000)
  eden space 25088K, 100% used [0x00000000f5580000,0x00000000f6e00000,0x00000000f6e00000)
  from space 17408K, 0% used [0x00000000f8300000,0x00000000f8300000,0x00000000f9400000)
  to   space 16896K, 0% used [0x00000000f6e00000,0x00000000f6e00000,0x00000000f7e80000)
 ParOldGen       total 349696K, used 349694K [0x00000000e0000000, 0x00000000f5580000, 0x00000000f5580000)
  object space 349696K, 99% used [0x00000000e0000000,0x00000000f557fa68,0x00000000f5580000)
 Metaspace       used 58919K, committed 59840K, reserved 1105920K
  class space    used 5723K, committed 6144K, reserved 1048576K
}
Event: 501.715 GC heap before
{Heap before GC invocations=552 (full 340):
 PSYoungGen      total 42496K, used 25088K [0x00000000f5580000, 0x00000000f9400000, 0x0000000100000000)
  eden space 25088K, 100% used [0x00000000f5580000,0x00000000f6e00000,0x00000000f6e00000)
  from space 17408K, 0% used [0x00000000f8300000,0x00000000f8300000,0x00000000f9400000)
  to   space 16896K, 0% used [0x00000000f6e00000,0x00000000f6e00000,0x00000000f7e80000)
 ParOldGen       total 349696K, used 349695K [0x00000000e0000000, 0x00000000f5580000, 0x00000000f5580000)
  object space 349696K, 99% used [0x00000000e0000000,0x00000000f557fca0,0x00000000f5580000)
 Metaspace       used 58919K, committed 59840K, reserved 1105920K
  class space    used 5723K, committed 6144K, reserved 1048576K
}
Event: 502.904 GC heap after
{Heap after GC invocations=552 (full 340):
 PSYoungGen      total 41984K, used 25088K [0x00000000f5580000, 0x00000000f9400000, 0x0000000100000000)
  eden space 25088K, 100% used [0x00000000f5580000,0x00000000f6e00000,0x00000000f6e00000)
  from space 16896K, 0% used [0x00000000f6e00000,0x00000000f6e00000,0x00000000f7e80000)
  to   space 17408K, 0% used [0x00000000f8300000,0x00000000f8300000,0x00000000f9400000)
 ParOldGen       total 349696K, used 349694K [0x00000000e0000000, 0x00000000f5580000, 0x00000000f5580000)
  object space 349696K, 99% used [0x00000000e0000000,0x00000000f557fa60,0x00000000f5580000)
 Metaspace       used 58919K, committed 59840K, reserved 1105920K
  class space    used 5723K, committed 6144K, reserved 1048576K
}
Event: 502.904 GC heap before
{Heap before GC invocations=553 (full 341):
 PSYoungGen      total 41984K, used 25088K [0x00000000f5580000, 0x00000000f9400000, 0x0000000100000000)
  eden space 25088K, 100% used [0x00000000f5580000,0x00000000f6e00000,0x00000000f6e00000)
  from space 16896K, 0% used [0x00000000f6e00000,0x00000000f6e00000,0x00000000f7e80000)
  to   space 17408K, 0% used [0x00000000f8300000,0x00000000f8300000,0x00000000f9400000)
 ParOldGen       total 349696K, used 349694K [0x00000000e0000000, 0x00000000f5580000, 0x00000000f5580000)
  object space 349696K, 99% used [0x00000000e0000000,0x00000000f557fa60,0x00000000f5580000)
 Metaspace       used 58919K, committed 59840K, reserved 1105920K
  class space    used 5723K, committed 6144K, reserved 1048576K
}
Event: 504.001 GC heap after
{Heap after GC invocations=553 (full 341):
 PSYoungGen      total 42496K, used 25088K [0x00000000f5580000, 0x00000000f9400000, 0x0000000100000000)
  eden space 25088K, 100% used [0x00000000f5580000,0x00000000f6e00000,0x00000000f6e00000)
  from space 17408K, 0% used [0x00000000f8300000,0x00000000f8300000,0x00000000f9400000)
  to   space 16896K, 0% used [0x00000000f6e00000,0x00000000f6e00000,0x00000000f7e80000)
 ParOldGen       total 349696K, used 349694K [0x00000000e0000000, 0x00000000f5580000, 0x00000000f5580000)
  object space 349696K, 99% used [0x00000000e0000000,0x00000000f557fa60,0x00000000f5580000)
 Metaspace       used 58919K, committed 59840K, reserved 1105920K
  class space    used 5723K, committed 6144K, reserved 1048576K
}

